<!DOCTYPE html PUBLIC "-//W3C//DTD XHTML 1.1//EN" "http://www.w3.org/TR/xhtml11/DTD/xhtml11.dtd">
<html xmlns="http://www.w3.org/1999/xhtml"><head><title>TestNG Report</title><style type="text/css">table {margin-bottom:10px;border-collapse:collapse;empty-cells:show}th,td {border:1px solid #009;padding:.25em .5em}th {vertical-align:bottom}td {vertical-align:top}table a {font-weight:bold}.stripe td {background-color: #E6EBF9}.num {text-align:right}.passedodd td {background-color: #3F3}.passedeven td {background-color: #0A0}.skippedodd td {background-color: #DDD}.skippedeven td {background-color: #CCC}.failedodd td,.attn {background-color: #F33}.failedeven td,.stripe .attn {background-color: #D00}.stacktrace {white-space:pre;font-family:monospace}.totop {font-size:85%;text-align:center;border-bottom:2px solid #000}</style></head><body><table><tr><th>Test</th><th># Passed</th><th># Skipped</th><th># Failed</th><th>Time (ms)</th><th>Included Groups</th><th>Excluded Groups</th></tr><tr><th colspan="7">All_Test_Suite</th></tr><tr><td><a href="#t0">Web_Auto_Test</a></td><td class="num">10</td><td class="num">0</td><td class="num attn">3</td><td class="num">65,040</td><td></td><td></td></tr></table><table><thead><tr><th>Class</th><th>Method</th><th>Start</th><th>Time (ms)</th></tr></thead><tbody><tr><th colspan="4">All_Test_Suite</th></tr></tbody><tbody id="t0"><tr><th colspan="4">Web_Auto_Test &#8212; failed</th></tr><tr class="failedeven"><td rowspan="3">web.base08.testcase.register.Register_Success_Test_Case</td><td><a href="#m0">register_success_test_case</a></td><td rowspan="3">1558685122670</td><td rowspan="3">9905</td></tr><tr class="failedeven"><td><a href="#m1">register_success_test_case</a></td></tr><tr class="failedeven"><td><a href="#m2">register_success_test_case</a></td></tr><tr><th colspan="4">Web_Auto_Test &#8212; passed</th></tr><tr class="passedeven"><td rowspan="10">web.base08.testcase.register.Register_Failure_Test_Case</td><td><a href="#m3">register_failure_test_case</a></td><td rowspan="10">1558685108600</td><td rowspan="10">623</td></tr><tr class="passedeven"><td><a href="#m4">register_failure_test_case</a></td></tr><tr class="passedeven"><td><a href="#m5">register_failure_test_case</a></td></tr><tr class="passedeven"><td><a href="#m6">register_failure_test_case</a></td></tr><tr class="passedeven"><td><a href="#m7">register_failure_test_case</a></td></tr><tr class="passedeven"><td><a href="#m8">register_failure_test_case</a></td></tr><tr class="passedeven"><td><a href="#m9">register_failure_test_case</a></td></tr><tr class="passedeven"><td><a href="#m10">register_failure_test_case</a></td></tr><tr class="passedeven"><td><a href="#m11">register_failure_test_case</a></td></tr><tr class="passedeven"><td><a href="#m12">register_failure_test_case</a></td></tr></tbody></table><h2>Web_Auto_Test</h2><h3 id="m0">web.base08.testcase.register.Register_Success_Test_Case#register_success_test_case</h3><table class="result"><tr class="param"><th>Parameter #1</th></tr><tr class="param stripe"><td>RegisterInfo [mobilePhone=13111112225, pwd=abcdefg, confirmPwd=abcdefg, verifycode=LM19, expectedResult=跳转到登录页面, getRowNo()=3]</td></tr><tr><th>Exception</th></tr><tr><td><div class="stacktrace">org.openqa.selenium.TimeoutException: Timed out after 5 seconds waiting for web.base08.base.BaseBrowserAttrs$1@72c28d64
Build info: version: &apos;2.53.1&apos;, revision: &apos;a36b8b1cd5757287168e54b817830adce9b0158d&apos;, time: &apos;2016-06-30 19:26:09&apos;
System info: host: &apos;DESKTOP-JTCN2O7&apos;, ip: &apos;192.168.219.1&apos;, os.name: &apos;Windows 10&apos;, os.arch: &apos;amd64&apos;, os.version: &apos;10.0&apos;, java.version: &apos;1.8.0_131&apos;
Driver info: org.openqa.selenium.chrome.ChromeDriver
Capabilities [{mobileEmulationEnabled=false, timeouts={implicit=0, pageLoad=300000, script=30000}, hasTouchScreen=false, platform=XP, acceptSslCerts=false, goog:chromeOptions={debuggerAddress=localhost:65476}, acceptInsecureCerts=false, webStorageEnabled=true, browserName=chrome, takesScreenshot=true, javascriptEnabled=true, setWindowRect=true, unexpectedAlertBehaviour=ignore, applicationCacheEnabled=false, rotatable=false, networkConnectionEnabled=false, chrome={chromedriverVersion=2.45.615291 (ec3682e3c9061c10f26ea9e5cdcf3c53f3f74387), userDataDir=C:\Users\zpp\AppData\Local\Temp\scoped_dir27668_18294}, takesHeapSnapshot=true, pageLoadStrategy=normal, strictFileInteractability=false, databaseEnabled=false, handlesAlerts=true, version=71.0.3569.0, browserConnectionEnabled=false, proxy={}, nativeEvents=true, locationContextEnabled=true, cssSelectorsEnabled=true}]
Session ID: 2a01bb6c880099fa348845691196d098
	at org.openqa.selenium.support.ui.WebDriverWait.timeoutException(WebDriverWait.java:80)
	at org.openqa.selenium.support.ui.FluentWait.until(FluentWait.java:261)
	at web.base08.base.BaseBrowserAttrs.getElement(BaseBrowserAttrs.java:91)
	at web.base08.base.BaseBrowserAttrs.getElement(BaseBrowserAttrs.java:79)
	at web.base08.testcase.register.Register_Success_Test_Case.register_success_test_case(Register_Success_Test_Case.java:49)
Caused by: org.openqa.selenium.NoSuchElementException: no such element: Unable to locate element: {&quot;method&quot;:&quot;id&quot;,&quot;selector&quot;:&quot;login&quot;}
  (Session info: chrome=71.0.3569.0)
  (Driver info: chromedriver=2.45.615291 (ec3682e3c9061c10f26ea9e5cdcf3c53f3f74387),platform=Windows NT 10.0.17134 x86_64) (WARNING: The server did not provide any stacktrace information)
Command duration or timeout: 12 milliseconds
For documentation on this error, please visit: http://seleniumhq.org/exceptions/no_such_element.html
Build info: version: &apos;2.53.1&apos;, revision: &apos;a36b8b1cd5757287168e54b817830adce9b0158d&apos;, time: &apos;2016-06-30 19:26:09&apos;
System info: host: &apos;DESKTOP-JTCN2O7&apos;, ip: &apos;192.168.219.1&apos;, os.name: &apos;Windows 10&apos;, os.arch: &apos;amd64&apos;, os.version: &apos;10.0&apos;, java.version: &apos;1.8.0_131&apos;
Driver info: org.openqa.selenium.chrome.ChromeDriver
Capabilities [{mobileEmulationEnabled=false, timeouts={implicit=0, pageLoad=300000, script=30000}, hasTouchScreen=false, platform=XP, acceptSslCerts=false, goog:chromeOptions={debuggerAddress=localhost:65476}, acceptInsecureCerts=false, webStorageEnabled=true, browserName=chrome, takesScreenshot=true, javascriptEnabled=true, setWindowRect=true, unexpectedAlertBehaviour=ignore, applicationCacheEnabled=false, rotatable=false, networkConnectionEnabled=false, chrome={chromedriverVersion=2.45.615291 (ec3682e3c9061c10f26ea9e5cdcf3c53f3f74387), userDataDir=C:\Users\zpp\AppData\Local\Temp\scoped_dir27668_18294}, takesHeapSnapshot=true, pageLoadStrategy=normal, strictFileInteractability=false, databaseEnabled=false, handlesAlerts=true, version=71.0.3569.0, browserConnectionEnabled=false, proxy={}, nativeEvents=true, locationContextEnabled=true, cssSelectorsEnabled=true}]
Session ID: 2a01bb6c880099fa348845691196d098
*** Element info: {Using=id, value=login}
	at org.openqa.selenium.remote.ErrorHandler.createThrowable(ErrorHandler.java:206)
	at org.openqa.selenium.remote.ErrorHandler.throwIfResponseFailed(ErrorHandler.java:158)
	at org.openqa.selenium.remote.RemoteWebDriver.execute(RemoteWebDriver.java:678)
	at org.openqa.selenium.remote.RemoteWebDriver.findElement(RemoteWebDriver.java:363)
	at org.openqa.selenium.remote.RemoteWebDriver.findElementById(RemoteWebDriver.java:413)
	at org.openqa.selenium.By$ById.findElement(By.java:218)
	at org.openqa.selenium.remote.RemoteWebDriver.findElement(RemoteWebDriver.java:355)
	at web.base08.base.BaseBrowserAttrs$1.apply(BaseBrowserAttrs.java:94)
	at web.base08.base.BaseBrowserAttrs$1.apply(BaseBrowserAttrs.java:1)
	at org.openqa.selenium.support.ui.FluentWait.until(FluentWait.java:238)
	... 27 more
... Removed 27 stack frames</div></td></tr></table><p class="totop"><a href="#summary">back to summary</a></p><h3 id="m1">web.base08.testcase.register.Register_Success_Test_Case#register_success_test_case</h3><table class="result"><tr class="param"><th>Parameter #1</th></tr><tr class="param stripe"><td>RegisterInfo [mobilePhone=13511112226, pwd=abcdefg, confirmPwd=abcdefg, verifycode=LM19, expectedResult=跳转到登录页面, getRowNo()=4]</td></tr><tr><th>Exception</th></tr><tr><td><div class="stacktrace">org.openqa.selenium.TimeoutException: Timed out after 5 seconds waiting for web.base08.base.BaseBrowserAttrs$1@2d1dee39
Build info: version: &apos;2.53.1&apos;, revision: &apos;a36b8b1cd5757287168e54b817830adce9b0158d&apos;, time: &apos;2016-06-30 19:26:09&apos;
System info: host: &apos;DESKTOP-JTCN2O7&apos;, ip: &apos;192.168.219.1&apos;, os.name: &apos;Windows 10&apos;, os.arch: &apos;amd64&apos;, os.version: &apos;10.0&apos;, java.version: &apos;1.8.0_131&apos;
Driver info: org.openqa.selenium.chrome.ChromeDriver
Capabilities [{mobileEmulationEnabled=false, timeouts={implicit=0, pageLoad=300000, script=30000}, hasTouchScreen=false, platform=XP, acceptSslCerts=false, goog:chromeOptions={debuggerAddress=localhost:65476}, acceptInsecureCerts=false, webStorageEnabled=true, browserName=chrome, takesScreenshot=true, javascriptEnabled=true, setWindowRect=true, unexpectedAlertBehaviour=ignore, applicationCacheEnabled=false, rotatable=false, networkConnectionEnabled=false, chrome={chromedriverVersion=2.45.615291 (ec3682e3c9061c10f26ea9e5cdcf3c53f3f74387), userDataDir=C:\Users\zpp\AppData\Local\Temp\scoped_dir27668_18294}, takesHeapSnapshot=true, pageLoadStrategy=normal, strictFileInteractability=false, databaseEnabled=false, handlesAlerts=true, version=71.0.3569.0, browserConnectionEnabled=false, proxy={}, nativeEvents=true, locationContextEnabled=true, cssSelectorsEnabled=true}]
Session ID: 2a01bb6c880099fa348845691196d098
	at org.openqa.selenium.support.ui.WebDriverWait.timeoutException(WebDriverWait.java:80)
	at org.openqa.selenium.support.ui.FluentWait.until(FluentWait.java:261)
	at web.base08.base.BaseBrowserAttrs.getElement(BaseBrowserAttrs.java:91)
	at web.base08.base.BaseBrowserAttrs.getElement(BaseBrowserAttrs.java:79)
	at web.base08.testcase.register.Register_Success_Test_Case.register_success_test_case(Register_Success_Test_Case.java:49)
Caused by: org.openqa.selenium.NoSuchElementException: no such element: Unable to locate element: {&quot;method&quot;:&quot;id&quot;,&quot;selector&quot;:&quot;login&quot;}
  (Session info: chrome=71.0.3569.0)
  (Driver info: chromedriver=2.45.615291 (ec3682e3c9061c10f26ea9e5cdcf3c53f3f74387),platform=Windows NT 10.0.17134 x86_64) (WARNING: The server did not provide any stacktrace information)
Command duration or timeout: 13 milliseconds
For documentation on this error, please visit: http://seleniumhq.org/exceptions/no_such_element.html
Build info: version: &apos;2.53.1&apos;, revision: &apos;a36b8b1cd5757287168e54b817830adce9b0158d&apos;, time: &apos;2016-06-30 19:26:09&apos;
System info: host: &apos;DESKTOP-JTCN2O7&apos;, ip: &apos;192.168.219.1&apos;, os.name: &apos;Windows 10&apos;, os.arch: &apos;amd64&apos;, os.version: &apos;10.0&apos;, java.version: &apos;1.8.0_131&apos;
Driver info: org.openqa.selenium.chrome.ChromeDriver
Capabilities [{mobileEmulationEnabled=false, timeouts={implicit=0, pageLoad=300000, script=30000}, hasTouchScreen=false, platform=XP, acceptSslCerts=false, goog:chromeOptions={debuggerAddress=localhost:65476}, acceptInsecureCerts=false, webStorageEnabled=true, browserName=chrome, takesScreenshot=true, javascriptEnabled=true, setWindowRect=true, unexpectedAlertBehaviour=ignore, applicationCacheEnabled=false, rotatable=false, networkConnectionEnabled=false, chrome={chromedriverVersion=2.45.615291 (ec3682e3c9061c10f26ea9e5cdcf3c53f3f74387), userDataDir=C:\Users\zpp\AppData\Local\Temp\scoped_dir27668_18294}, takesHeapSnapshot=true, pageLoadStrategy=normal, strictFileInteractability=false, databaseEnabled=false, handlesAlerts=true, version=71.0.3569.0, browserConnectionEnabled=false, proxy={}, nativeEvents=true, locationContextEnabled=true, cssSelectorsEnabled=true}]
Session ID: 2a01bb6c880099fa348845691196d098
*** Element info: {Using=id, value=login}
	at org.openqa.selenium.remote.ErrorHandler.createThrowable(ErrorHandler.java:206)
	at org.openqa.selenium.remote.ErrorHandler.throwIfResponseFailed(ErrorHandler.java:158)
	at org.openqa.selenium.remote.RemoteWebDriver.execute(RemoteWebDriver.java:678)
	at org.openqa.selenium.remote.RemoteWebDriver.findElement(RemoteWebDriver.java:363)
	at org.openqa.selenium.remote.RemoteWebDriver.findElementById(RemoteWebDriver.java:413)
	at org.openqa.selenium.By$ById.findElement(By.java:218)
	at org.openqa.selenium.remote.RemoteWebDriver.findElement(RemoteWebDriver.java:355)
	at web.base08.base.BaseBrowserAttrs$1.apply(BaseBrowserAttrs.java:94)
	at web.base08.base.BaseBrowserAttrs$1.apply(BaseBrowserAttrs.java:1)
	at org.openqa.selenium.support.ui.FluentWait.until(FluentWait.java:238)
	... 27 more
... Removed 27 stack frames</div></td></tr></table><p class="totop"><a href="#summary">back to summary</a></p><h3 id="m2">web.base08.testcase.register.Register_Success_Test_Case#register_success_test_case</h3><table class="result"><tr class="param"><th>Parameter #1</th></tr><tr class="param stripe"><td>RegisterInfo [mobilePhone=13111112224, pwd=123456, confirmPwd=123456, verifycode=LM19, expectedResult=跳转到登录页面, getRowNo()=2]</td></tr><tr><th>Exception</th></tr><tr><td><div class="stacktrace">org.openqa.selenium.TimeoutException: Timed out after 5 seconds waiting for web.base08.base.BaseBrowserAttrs$1@3bcbb589
Build info: version: &apos;2.53.1&apos;, revision: &apos;a36b8b1cd5757287168e54b817830adce9b0158d&apos;, time: &apos;2016-06-30 19:26:09&apos;
System info: host: &apos;DESKTOP-JTCN2O7&apos;, ip: &apos;192.168.219.1&apos;, os.name: &apos;Windows 10&apos;, os.arch: &apos;amd64&apos;, os.version: &apos;10.0&apos;, java.version: &apos;1.8.0_131&apos;
Driver info: org.openqa.selenium.chrome.ChromeDriver
Capabilities [{mobileEmulationEnabled=false, timeouts={implicit=0, pageLoad=300000, script=30000}, hasTouchScreen=false, platform=XP, acceptSslCerts=false, goog:chromeOptions={debuggerAddress=localhost:65476}, acceptInsecureCerts=false, webStorageEnabled=true, browserName=chrome, takesScreenshot=true, javascriptEnabled=true, setWindowRect=true, unexpectedAlertBehaviour=ignore, applicationCacheEnabled=false, rotatable=false, networkConnectionEnabled=false, chrome={chromedriverVersion=2.45.615291 (ec3682e3c9061c10f26ea9e5cdcf3c53f3f74387), userDataDir=C:\Users\zpp\AppData\Local\Temp\scoped_dir27668_18294}, takesHeapSnapshot=true, pageLoadStrategy=normal, strictFileInteractability=false, databaseEnabled=false, handlesAlerts=true, version=71.0.3569.0, browserConnectionEnabled=false, proxy={}, nativeEvents=true, locationContextEnabled=true, cssSelectorsEnabled=true}]
Session ID: 2a01bb6c880099fa348845691196d098
	at org.openqa.selenium.support.ui.WebDriverWait.timeoutException(WebDriverWait.java:80)
	at org.openqa.selenium.support.ui.FluentWait.until(FluentWait.java:261)
	at web.base08.base.BaseBrowserAttrs.getElement(BaseBrowserAttrs.java:91)
	at web.base08.base.BaseBrowserAttrs.getElement(BaseBrowserAttrs.java:79)
	at web.base08.testcase.register.Register_Success_Test_Case.register_success_test_case(Register_Success_Test_Case.java:49)
Caused by: org.openqa.selenium.NoSuchElementException: no such element: Unable to locate element: {&quot;method&quot;:&quot;id&quot;,&quot;selector&quot;:&quot;login&quot;}
  (Session info: chrome=71.0.3569.0)
  (Driver info: chromedriver=2.45.615291 (ec3682e3c9061c10f26ea9e5cdcf3c53f3f74387),platform=Windows NT 10.0.17134 x86_64) (WARNING: The server did not provide any stacktrace information)
Command duration or timeout: 12 milliseconds
For documentation on this error, please visit: http://seleniumhq.org/exceptions/no_such_element.html
Build info: version: &apos;2.53.1&apos;, revision: &apos;a36b8b1cd5757287168e54b817830adce9b0158d&apos;, time: &apos;2016-06-30 19:26:09&apos;
System info: host: &apos;DESKTOP-JTCN2O7&apos;, ip: &apos;192.168.219.1&apos;, os.name: &apos;Windows 10&apos;, os.arch: &apos;amd64&apos;, os.version: &apos;10.0&apos;, java.version: &apos;1.8.0_131&apos;
Driver info: org.openqa.selenium.chrome.ChromeDriver
Capabilities [{mobileEmulationEnabled=false, timeouts={implicit=0, pageLoad=300000, script=30000}, hasTouchScreen=false, platform=XP, acceptSslCerts=false, goog:chromeOptions={debuggerAddress=localhost:65476}, acceptInsecureCerts=false, webStorageEnabled=true, browserName=chrome, takesScreenshot=true, javascriptEnabled=true, setWindowRect=true, unexpectedAlertBehaviour=ignore, applicationCacheEnabled=false, rotatable=false, networkConnectionEnabled=false, chrome={chromedriverVersion=2.45.615291 (ec3682e3c9061c10f26ea9e5cdcf3c53f3f74387), userDataDir=C:\Users\zpp\AppData\Local\Temp\scoped_dir27668_18294}, takesHeapSnapshot=true, pageLoadStrategy=normal, strictFileInteractability=false, databaseEnabled=false, handlesAlerts=true, version=71.0.3569.0, browserConnectionEnabled=false, proxy={}, nativeEvents=true, locationContextEnabled=true, cssSelectorsEnabled=true}]
Session ID: 2a01bb6c880099fa348845691196d098
*** Element info: {Using=id, value=login}
	at org.openqa.selenium.remote.ErrorHandler.createThrowable(ErrorHandler.java:206)
	at org.openqa.selenium.remote.ErrorHandler.throwIfResponseFailed(ErrorHandler.java:158)
	at org.openqa.selenium.remote.RemoteWebDriver.execute(RemoteWebDriver.java:678)
	at org.openqa.selenium.remote.RemoteWebDriver.findElement(RemoteWebDriver.java:363)
	at org.openqa.selenium.remote.RemoteWebDriver.findElementById(RemoteWebDriver.java:413)
	at org.openqa.selenium.By$ById.findElement(By.java:218)
	at org.openqa.selenium.remote.RemoteWebDriver.findElement(RemoteWebDriver.java:355)
	at web.base08.base.BaseBrowserAttrs$1.apply(BaseBrowserAttrs.java:94)
	at web.base08.base.BaseBrowserAttrs$1.apply(BaseBrowserAttrs.java:1)
	at org.openqa.selenium.support.ui.FluentWait.until(FluentWait.java:238)
	... 27 more
... Removed 28 stack frames</div></td></tr></table><p class="totop"><a href="#summary">back to summary</a></p><h3 id="m3">web.base08.testcase.register.Register_Failure_Test_Case#register_failure_test_case</h3><table class="result"><tr class="param"><th>Parameter #1</th></tr><tr class="param stripe"><td>RegisterInfo [mobilePhone=13888888888, pwd=123456, confirmPwd=, verifycode=, expectedResult=重复密码不能为空, getRowNo()=7]</td></tr></table><p class="totop"><a href="#summary">back to summary</a></p><h3 id="m4">web.base08.testcase.register.Register_Failure_Test_Case#register_failure_test_case</h3><table class="result"><tr class="param"><th>Parameter #1</th></tr><tr class="param stripe"><td>RegisterInfo [mobilePhone=13888888888, pwd=123456, confirmPwd=1234567, verifycode=, expectedResult=密码不一致, getRowNo()=8]</td></tr></table><p class="totop"><a href="#summary">back to summary</a></p><h3 id="m5">web.base08.testcase.register.Register_Failure_Test_Case#register_failure_test_case</h3><table class="result"><tr class="param"><th>Parameter #1</th></tr><tr class="param stripe"><td>RegisterInfo [mobilePhone=13888888888, pwd=123456, confirmPwd=123456, verifycode=, expectedResult=验证码不能为空, getRowNo()=9]</td></tr></table><p class="totop"><a href="#summary">back to summary</a></p><h3 id="m6">web.base08.testcase.register.Register_Failure_Test_Case#register_failure_test_case</h3><table class="result"><tr class="param"><th>Parameter #1</th></tr><tr class="param stripe"><td>RegisterInfo [mobilePhone=13888888888, pwd=12345, confirmPwd=, verifycode=LM19, expectedResult=密码长度至少为6位, getRowNo()=6]</td></tr></table><p class="totop"><a href="#summary">back to summary</a></p><h3 id="m7">web.base08.testcase.register.Register_Failure_Test_Case#register_failure_test_case</h3><table class="result"><tr class="param"><th>Parameter #1</th></tr><tr class="param stripe"><td>RegisterInfo [mobilePhone=柠檬班, pwd=, confirmPwd=, verifycode=LM19, expectedResult=非法的手机号, getRowNo()=4]</td></tr></table><p class="totop"><a href="#summary">back to summary</a></p><h3 id="m8">web.base08.testcase.register.Register_Failure_Test_Case#register_failure_test_case</h3><table class="result"><tr class="param"><th>Parameter #1</th></tr><tr class="param stripe"><td>RegisterInfo [mobilePhone=, pwd=, confirmPwd=, verifycode=, expectedResult=用户名不能为空, getRowNo()=2]</td></tr></table><p class="totop"><a href="#summary">back to summary</a></p><h3 id="m9">web.base08.testcase.register.Register_Failure_Test_Case#register_failure_test_case</h3><table class="result"><tr class="param"><th>Parameter #1</th></tr><tr class="param stripe"><td>RegisterInfo [mobilePhone=13888888888, pwd=abcedf, confirmPwd=abcedf, verifycode=, expectedResult=验证码不能为空, getRowNo()=10]</td></tr></table><p class="totop"><a href="#summary">back to summary</a></p><h3 id="m10">web.base08.testcase.register.Register_Failure_Test_Case#register_failure_test_case</h3><table class="result"><tr class="param"><th>Parameter #1</th></tr><tr class="param stripe"><td>RegisterInfo [mobilePhone=13888888888, pwd=abcedf, confirmPwd=abcedf, verifycode=111111, expectedResult=验证码输入错误, getRowNo()=11]</td></tr></table><p class="totop"><a href="#summary">back to summary</a></p><h3 id="m11">web.base08.testcase.register.Register_Failure_Test_Case#register_failure_test_case</h3><table class="result"><tr class="param"><th>Parameter #1</th></tr><tr class="param stripe"><td>RegisterInfo [mobilePhone=13888888888, pwd=, confirmPwd=, verifycode=LM19, expectedResult=密码不能为空, getRowNo()=5]</td></tr></table><p class="totop"><a href="#summary">back to summary</a></p><h3 id="m12">web.base08.testcase.register.Register_Failure_Test_Case#register_failure_test_case</h3><table class="result"><tr class="param"><th>Parameter #1</th></tr><tr class="param stripe"><td>RegisterInfo [mobilePhone=lemon, pwd=, confirmPwd=, verifycode=, expectedResult=非法的手机号, getRowNo()=3]</td></tr></table><p class="totop"><a href="#summary">back to summary</a></p></body></html>