<!DOCTYPE html>

<html>
  <head>
  <meta charset='utf-8'>
  <title>TestNG reports</title>

    <link type="text/css" href="testng-reports.css" rel="stylesheet" />  
    <script type="text/javascript" src="jquery-1.7.1.min.js"></script>
    <script type="text/javascript" src="testng-reports.js"></script>
    <script type="text/javascript" src="https://www.google.com/jsapi"></script>
    <script type='text/javascript'>
      google.load('visualization', '1', {packages:['table']});
      google.setOnLoadCallback(drawTable);
      var suiteTableInitFunctions = new Array();
      var suiteTableData = new Array();
    </script>
    <!--
      <script type="text/javascript" src="jquery-ui/js/jquery-ui-1.8.16.custom.min.js"></script>
     -->
  </head>

  <body>
    <div class="top-banner-root">
      <span class="top-banner-title-font">Test results</span>
      <br/>
      <span class="top-banner-font-1">1 suite, 3 failed tests</span>
    </div> <!-- top-banner-root -->
    <div class="navigator-root">
      <div class="navigator-suite-header">
        <span>All suites</span>
        <a href="#" class="collapse-all-link" title="Collapse/expand all the suites">
          <img class="collapse-all-icon" src="collapseall.gif">
          </img> <!-- collapse-all-icon -->
        </a> <!-- collapse-all-link -->
      </div> <!-- navigator-suite-header -->
      <div class="suite">
        <div class="rounded-window">
          <div class="suite-header light-rounded-window-top">
            <a href="#" class="navigator-link" panel-name="suite-All_Test_Suite">
              <span class="suite-name border-failed">All_Test_Suite</span>
            </a> <!-- navigator-link -->
          </div> <!-- suite-header light-rounded-window-top -->
          <div class="navigator-suite-content">
            <div class="suite-section-title">
              <span>Info</span>
            </div> <!-- suite-section-title -->
            <div class="suite-section-content">
              <ul>
                <li>
                  <a href="#" class="navigator-link " panel-name="test-xml-All_Test_Suite">
                    <span>F:\maven_java_base_git\java_maven_base_git\web_auto_maven\testng08.xml</span>
                  </a> <!-- navigator-link  -->
                </li>
                <li>
                  <a href="#" class="navigator-link " panel-name="testlist-All_Test_Suite">
                    <span class="test-stats">1 test</span>
                  </a> <!-- navigator-link  -->
                </li>
                <li>
                  <a href="#" class="navigator-link " panel-name="group-All_Test_Suite">
                    <span>0 groups</span>
                  </a> <!-- navigator-link  -->
                </li>
                <li>
                  <a href="#" class="navigator-link " panel-name="times-All_Test_Suite">
                    <span>Times</span>
                  </a> <!-- navigator-link  -->
                </li>
                <li>
                  <a href="#" class="navigator-link " panel-name="reporter-All_Test_Suite">
                    <span>Reporter output</span>
                  </a> <!-- navigator-link  -->
                </li>
                <li>
                  <a href="#" class="navigator-link " panel-name="ignored-methods-All_Test_Suite">
                    <span>Ignored methods</span>
                  </a> <!-- navigator-link  -->
                </li>
                <li>
                  <a href="#" class="navigator-link " panel-name="chronological-All_Test_Suite">
                    <span>Chronological view</span>
                  </a> <!-- navigator-link  -->
                </li>
              </ul>
            </div> <!-- suite-section-content -->
            <div class="result-section">
              <div class="suite-section-title">
                <span>Results</span>
              </div> <!-- suite-section-title -->
              <div class="suite-section-content">
                <ul>
                  <li>
                    <span class="method-stats">13 methods, 3 failed,   10 passed</span>
                  </li>
                  <li>
                    <span class="method-list-title failed">Failed methods</span>
                    <span class="show-or-hide-methods failed">
                      <a href="#" panel-name="suite-All_Test_Suite" class="hide-methods failed suite-All_Test_Suite"> (hide)</a> <!-- hide-methods failed suite-All_Test_Suite -->
                      <a href="#" panel-name="suite-All_Test_Suite" class="show-methods failed suite-All_Test_Suite"> (show)</a> <!-- show-methods failed suite-All_Test_Suite -->
                    </span>
                    <div class="method-list-content failed suite-All_Test_Suite">
                      <span>
                        <img width="3%" src="failed.png"/>
                        <a href="#" class="method navigator-link" panel-name="suite-All_Test_Suite" title="web.base08.testcase.register.Register_Success_Test_Case" hash-for-method="register_success_test_case(RegisterInfo [mobilePhone=13111112225, pwd=abcdefg, confirmPwd=abcdefg, verifycode=LM19, expectedRes...)">register_success_test_case(RegisterInfo [mobilePhone=13111112225, pwd=abcdefg, confirmPwd=abcdefg, verifycode=LM19, expectedRes...)</a> <!-- method navigator-link -->
                      </span>
                      <br/>
                      <span>
                        <img width="3%" src="failed.png"/>
                        <a href="#" class="method navigator-link" panel-name="suite-All_Test_Suite" title="web.base08.testcase.register.Register_Success_Test_Case" hash-for-method="register_success_test_case(RegisterInfo [mobilePhone=13511112226, pwd=abcdefg, confirmPwd=abcdefg, verifycode=LM19, expectedRes...)">register_success_test_case(RegisterInfo [mobilePhone=13511112226, pwd=abcdefg, confirmPwd=abcdefg, verifycode=LM19, expectedRes...)</a> <!-- method navigator-link -->
                      </span>
                      <br/>
                      <span>
                        <img width="3%" src="failed.png"/>
                        <a href="#" class="method navigator-link" panel-name="suite-All_Test_Suite" title="web.base08.testcase.register.Register_Success_Test_Case" hash-for-method="register_success_test_case(RegisterInfo [mobilePhone=13111112224, pwd=123456, confirmPwd=123456, verifycode=LM19, expectedResul...)">register_success_test_case(RegisterInfo [mobilePhone=13111112224, pwd=123456, confirmPwd=123456, verifycode=LM19, expectedResul...)</a> <!-- method navigator-link -->
                      </span>
                      <br/>
                    </div> <!-- method-list-content failed suite-All_Test_Suite -->
                  </li>
                  <li>
                    <span class="method-list-title passed">Passed methods</span>
                    <span class="show-or-hide-methods passed">
                      <a href="#" panel-name="suite-All_Test_Suite" class="hide-methods passed suite-All_Test_Suite"> (hide)</a> <!-- hide-methods passed suite-All_Test_Suite -->
                      <a href="#" panel-name="suite-All_Test_Suite" class="show-methods passed suite-All_Test_Suite"> (show)</a> <!-- show-methods passed suite-All_Test_Suite -->
                    </span>
                    <div class="method-list-content passed suite-All_Test_Suite">
                      <span>
                        <img width="3%" src="passed.png"/>
                        <a href="#" class="method navigator-link" panel-name="suite-All_Test_Suite" title="web.base08.testcase.register.Register_Failure_Test_Case" hash-for-method="register_failure_test_case(RegisterInfo [mobilePhone=13888888888, pwd=123456, confirmPwd=, verifycode=, expectedResult=重复密码不能为空...)">register_failure_test_case(RegisterInfo [mobilePhone=13888888888, pwd=123456, confirmPwd=, verifycode=, expectedResult=重复密码不能为空...)</a> <!-- method navigator-link -->
                      </span>
                      <br/>
                      <span>
                        <img width="3%" src="passed.png"/>
                        <a href="#" class="method navigator-link" panel-name="suite-All_Test_Suite" title="web.base08.testcase.register.Register_Failure_Test_Case" hash-for-method="register_failure_test_case(RegisterInfo [mobilePhone=13888888888, pwd=123456, confirmPwd=1234567, verifycode=, expectedResult=密...)">register_failure_test_case(RegisterInfo [mobilePhone=13888888888, pwd=123456, confirmPwd=1234567, verifycode=, expectedResult=密...)</a> <!-- method navigator-link -->
                      </span>
                      <br/>
                      <span>
                        <img width="3%" src="passed.png"/>
                        <a href="#" class="method navigator-link" panel-name="suite-All_Test_Suite" title="web.base08.testcase.register.Register_Failure_Test_Case" hash-for-method="register_failure_test_case(RegisterInfo [mobilePhone=13888888888, pwd=123456, confirmPwd=123456, verifycode=, expectedResult=验证...)">register_failure_test_case(RegisterInfo [mobilePhone=13888888888, pwd=123456, confirmPwd=123456, verifycode=, expectedResult=验证...)</a> <!-- method navigator-link -->
                      </span>
                      <br/>
                      <span>
                        <img width="3%" src="passed.png"/>
                        <a href="#" class="method navigator-link" panel-name="suite-All_Test_Suite" title="web.base08.testcase.register.Register_Failure_Test_Case" hash-for-method="register_failure_test_case(RegisterInfo [mobilePhone=13888888888, pwd=12345, confirmPwd=, verifycode=LM19, expectedResult=密码长度至...)">register_failure_test_case(RegisterInfo [mobilePhone=13888888888, pwd=12345, confirmPwd=, verifycode=LM19, expectedResult=密码长度至...)</a> <!-- method navigator-link -->
                      </span>
                      <br/>
                      <span>
                        <img width="3%" src="passed.png"/>
                        <a href="#" class="method navigator-link" panel-name="suite-All_Test_Suite" title="web.base08.testcase.register.Register_Failure_Test_Case" hash-for-method="register_failure_test_case(RegisterInfo [mobilePhone=柠檬班, pwd=, confirmPwd=, verifycode=LM19, expectedResult=非法的手机号, getRowNo()...)">register_failure_test_case(RegisterInfo [mobilePhone=柠檬班, pwd=, confirmPwd=, verifycode=LM19, expectedResult=非法的手机号, getRowNo()...)</a> <!-- method navigator-link -->
                      </span>
                      <br/>
                      <span>
                        <img width="3%" src="passed.png"/>
                        <a href="#" class="method navigator-link" panel-name="suite-All_Test_Suite" title="web.base08.testcase.register.Register_Failure_Test_Case" hash-for-method="register_failure_test_case(RegisterInfo [mobilePhone=, pwd=, confirmPwd=, verifycode=, expectedResult=用户名不能为空, getRowNo()=2])">register_failure_test_case(RegisterInfo [mobilePhone=, pwd=, confirmPwd=, verifycode=, expectedResult=用户名不能为空, getRowNo()=2])</a> <!-- method navigator-link -->
                      </span>
                      <br/>
                      <span>
                        <img width="3%" src="passed.png"/>
                        <a href="#" class="method navigator-link" panel-name="suite-All_Test_Suite" title="web.base08.testcase.register.Register_Failure_Test_Case" hash-for-method="register_failure_test_case(RegisterInfo [mobilePhone=13888888888, pwd=abcedf, confirmPwd=abcedf, verifycode=, expectedResult=验证...)">register_failure_test_case(RegisterInfo [mobilePhone=13888888888, pwd=abcedf, confirmPwd=abcedf, verifycode=, expectedResult=验证...)</a> <!-- method navigator-link -->
                      </span>
                      <br/>
                      <span>
                        <img width="3%" src="passed.png"/>
                        <a href="#" class="method navigator-link" panel-name="suite-All_Test_Suite" title="web.base08.testcase.register.Register_Failure_Test_Case" hash-for-method="register_failure_test_case(RegisterInfo [mobilePhone=13888888888, pwd=abcedf, confirmPwd=abcedf, verifycode=111111, expectedRes...)">register_failure_test_case(RegisterInfo [mobilePhone=13888888888, pwd=abcedf, confirmPwd=abcedf, verifycode=111111, expectedRes...)</a> <!-- method navigator-link -->
                      </span>
                      <br/>
                      <span>
                        <img width="3%" src="passed.png"/>
                        <a href="#" class="method navigator-link" panel-name="suite-All_Test_Suite" title="web.base08.testcase.register.Register_Failure_Test_Case" hash-for-method="register_failure_test_case(RegisterInfo [mobilePhone=13888888888, pwd=, confirmPwd=, verifycode=LM19, expectedResult=密码不能为空, ge...)">register_failure_test_case(RegisterInfo [mobilePhone=13888888888, pwd=, confirmPwd=, verifycode=LM19, expectedResult=密码不能为空, ge...)</a> <!-- method navigator-link -->
                      </span>
                      <br/>
                      <span>
                        <img width="3%" src="passed.png"/>
                        <a href="#" class="method navigator-link" panel-name="suite-All_Test_Suite" title="web.base08.testcase.register.Register_Failure_Test_Case" hash-for-method="register_failure_test_case(RegisterInfo [mobilePhone=lemon, pwd=, confirmPwd=, verifycode=, expectedResult=非法的手机号, getRowNo()=3...)">register_failure_test_case(RegisterInfo [mobilePhone=lemon, pwd=, confirmPwd=, verifycode=, expectedResult=非法的手机号, getRowNo()=3...)</a> <!-- method navigator-link -->
                      </span>
                      <br/>
                    </div> <!-- method-list-content passed suite-All_Test_Suite -->
                  </li>
                </ul>
              </div> <!-- suite-section-content -->
            </div> <!-- result-section -->
          </div> <!-- navigator-suite-content -->
        </div> <!-- rounded-window -->
      </div> <!-- suite -->
    </div> <!-- navigator-root -->
    <div class="wrapper">
      <div class="main-panel-root">
        <div panel-name="suite-All_Test_Suite" class="panel All_Test_Suite">
          <div class="suite-All_Test_Suite-class-failed">
            <div class="main-panel-header rounded-window-top">
              <img src="failed.png"/>
              <span class="class-name">web.base08.testcase.register.Register_Success_Test_Case</span>
            </div> <!-- main-panel-header rounded-window-top -->
            <div class="main-panel-content rounded-window-bottom">
              <div class="method">
                <div class="method-content">
                  <a name="register_success_test_case(RegisterInfo [mobilePhone=13111112225, pwd=abcdefg, confirmPwd=abcdefg, verifycode=LM19, expectedRes...)">
                  </a> <!-- register_success_test_case(RegisterInfo [mobilePhone=13111112225, pwd=abcdefg, confirmPwd=abcdefg, verifycode=LM19, expectedRes...) -->
                  <span class="method-name">register_success_test_case</span>
                  <span class="parameters">(RegisterInfo [mobilePhone=13111112225, pwd=abcdefg, confirmPwd=abcdefg, verifycode=LM19, expectedResult=跳转到登录页面, getRowNo()=3])</span>
                  <div class="stack-trace">org.openqa.selenium.TimeoutException: Timed out after 5 seconds waiting for web.base08.base.BaseBrowserAttrs$1@72c28d64
Build info: version: &apos;2.53.1&apos;, revision: &apos;a36b8b1cd5757287168e54b817830adce9b0158d&apos;, time: &apos;2016-06-30 19:26:09&apos;
System info: host: &apos;DESKTOP-JTCN2O7&apos;, ip: &apos;192.168.219.1&apos;, os.name: &apos;Windows 10&apos;, os.arch: &apos;amd64&apos;, os.version: &apos;10.0&apos;, java.version: &apos;1.8.0_131&apos;
Driver info: org.openqa.selenium.chrome.ChromeDriver
Capabilities [{mobileEmulationEnabled=false, timeouts={implicit=0, pageLoad=300000, script=30000}, hasTouchScreen=false, platform=XP, acceptSslCerts=false, goog:chromeOptions={debuggerAddress=localhost:65476}, acceptInsecureCerts=false, webStorageEnabled=true, browserName=chrome, takesScreenshot=true, javascriptEnabled=true, setWindowRect=true, unexpectedAlertBehaviour=ignore, applicationCacheEnabled=false, rotatable=false, networkConnectionEnabled=false, chrome={chromedriverVersion=2.45.615291 (ec3682e3c9061c10f26ea9e5cdcf3c53f3f74387), userDataDir=C:\Users\zpp\AppData\Local\Temp\scoped_dir27668_18294}, takesHeapSnapshot=true, pageLoadStrategy=normal, strictFileInteractability=false, databaseEnabled=false, handlesAlerts=true, version=71.0.3569.0, browserConnectionEnabled=false, proxy={}, nativeEvents=true, locationContextEnabled=true, cssSelectorsEnabled=true}]
Session ID: 2a01bb6c880099fa348845691196d098
	at org.openqa.selenium.support.ui.WebDriverWait.timeoutException(WebDriverWait.java:80)
	at org.openqa.selenium.support.ui.FluentWait.until(FluentWait.java:261)
	at web.base08.base.BaseBrowserAttrs.getElement(BaseBrowserAttrs.java:91)
	at web.base08.base.BaseBrowserAttrs.getElement(BaseBrowserAttrs.java:79)
	at web.base08.testcase.register.Register_Success_Test_Case.register_success_test_case(Register_Success_Test_Case.java:49)
Caused by: org.openqa.selenium.NoSuchElementException: no such element: Unable to locate element: {&quot;method&quot;:&quot;id&quot;,&quot;selector&quot;:&quot;login&quot;}
  (Session info: chrome=71.0.3569.0)
  (Driver info: chromedriver=2.45.615291 (ec3682e3c9061c10f26ea9e5cdcf3c53f3f74387),platform=Windows NT 10.0.17134 x86_64) (WARNING: The server did not provide any stacktrace information)
Command duration or timeout: 12 milliseconds
For documentation on this error, please visit: http://seleniumhq.org/exceptions/no_such_element.html
Build info: version: &apos;2.53.1&apos;, revision: &apos;a36b8b1cd5757287168e54b817830adce9b0158d&apos;, time: &apos;2016-06-30 19:26:09&apos;
System info: host: &apos;DESKTOP-JTCN2O7&apos;, ip: &apos;192.168.219.1&apos;, os.name: &apos;Windows 10&apos;, os.arch: &apos;amd64&apos;, os.version: &apos;10.0&apos;, java.version: &apos;1.8.0_131&apos;
Driver info: org.openqa.selenium.chrome.ChromeDriver
Capabilities [{mobileEmulationEnabled=false, timeouts={implicit=0, pageLoad=300000, script=30000}, hasTouchScreen=false, platform=XP, acceptSslCerts=false, goog:chromeOptions={debuggerAddress=localhost:65476}, acceptInsecureCerts=false, webStorageEnabled=true, browserName=chrome, takesScreenshot=true, javascriptEnabled=true, setWindowRect=true, unexpectedAlertBehaviour=ignore, applicationCacheEnabled=false, rotatable=false, networkConnectionEnabled=false, chrome={chromedriverVersion=2.45.615291 (ec3682e3c9061c10f26ea9e5cdcf3c53f3f74387), userDataDir=C:\Users\zpp\AppData\Local\Temp\scoped_dir27668_18294}, takesHeapSnapshot=true, pageLoadStrategy=normal, strictFileInteractability=false, databaseEnabled=false, handlesAlerts=true, version=71.0.3569.0, browserConnectionEnabled=false, proxy={}, nativeEvents=true, locationContextEnabled=true, cssSelectorsEnabled=true}]
Session ID: 2a01bb6c880099fa348845691196d098
*** Element info: {Using=id, value=login}
	at org.openqa.selenium.remote.ErrorHandler.createThrowable(ErrorHandler.java:206)
	at org.openqa.selenium.remote.ErrorHandler.throwIfResponseFailed(ErrorHandler.java:158)
	at org.openqa.selenium.remote.RemoteWebDriver.execute(RemoteWebDriver.java:678)
	at org.openqa.selenium.remote.RemoteWebDriver.findElement(RemoteWebDriver.java:363)
	at org.openqa.selenium.remote.RemoteWebDriver.findElementById(RemoteWebDriver.java:413)
	at org.openqa.selenium.By$ById.findElement(By.java:218)
	at org.openqa.selenium.remote.RemoteWebDriver.findElement(RemoteWebDriver.java:355)
	at web.base08.base.BaseBrowserAttrs$1.apply(BaseBrowserAttrs.java:94)
	at web.base08.base.BaseBrowserAttrs$1.apply(BaseBrowserAttrs.java:1)
	at org.openqa.selenium.support.ui.FluentWait.until(FluentWait.java:238)
	... 27 more
... Removed 27 stack frames
</div> <!-- stack-trace -->
                </div> <!-- method-content -->
              </div> <!-- method -->
              <div class="method">
                <div class="method-content">
                  <a name="register_success_test_case(RegisterInfo [mobilePhone=13511112226, pwd=abcdefg, confirmPwd=abcdefg, verifycode=LM19, expectedRes...)">
                  </a> <!-- register_success_test_case(RegisterInfo [mobilePhone=13511112226, pwd=abcdefg, confirmPwd=abcdefg, verifycode=LM19, expectedRes...) -->
                  <span class="method-name">register_success_test_case</span>
                  <span class="parameters">(RegisterInfo [mobilePhone=13511112226, pwd=abcdefg, confirmPwd=abcdefg, verifycode=LM19, expectedResult=跳转到登录页面, getRowNo()=4])</span>
                  <div class="stack-trace">org.openqa.selenium.TimeoutException: Timed out after 5 seconds waiting for web.base08.base.BaseBrowserAttrs$1@2d1dee39
Build info: version: &apos;2.53.1&apos;, revision: &apos;a36b8b1cd5757287168e54b817830adce9b0158d&apos;, time: &apos;2016-06-30 19:26:09&apos;
System info: host: &apos;DESKTOP-JTCN2O7&apos;, ip: &apos;192.168.219.1&apos;, os.name: &apos;Windows 10&apos;, os.arch: &apos;amd64&apos;, os.version: &apos;10.0&apos;, java.version: &apos;1.8.0_131&apos;
Driver info: org.openqa.selenium.chrome.ChromeDriver
Capabilities [{mobileEmulationEnabled=false, timeouts={implicit=0, pageLoad=300000, script=30000}, hasTouchScreen=false, platform=XP, acceptSslCerts=false, goog:chromeOptions={debuggerAddress=localhost:65476}, acceptInsecureCerts=false, webStorageEnabled=true, browserName=chrome, takesScreenshot=true, javascriptEnabled=true, setWindowRect=true, unexpectedAlertBehaviour=ignore, applicationCacheEnabled=false, rotatable=false, networkConnectionEnabled=false, chrome={chromedriverVersion=2.45.615291 (ec3682e3c9061c10f26ea9e5cdcf3c53f3f74387), userDataDir=C:\Users\zpp\AppData\Local\Temp\scoped_dir27668_18294}, takesHeapSnapshot=true, pageLoadStrategy=normal, strictFileInteractability=false, databaseEnabled=false, handlesAlerts=true, version=71.0.3569.0, browserConnectionEnabled=false, proxy={}, nativeEvents=true, locationContextEnabled=true, cssSelectorsEnabled=true}]
Session ID: 2a01bb6c880099fa348845691196d098
	at org.openqa.selenium.support.ui.WebDriverWait.timeoutException(WebDriverWait.java:80)
	at org.openqa.selenium.support.ui.FluentWait.until(FluentWait.java:261)
	at web.base08.base.BaseBrowserAttrs.getElement(BaseBrowserAttrs.java:91)
	at web.base08.base.BaseBrowserAttrs.getElement(BaseBrowserAttrs.java:79)
	at web.base08.testcase.register.Register_Success_Test_Case.register_success_test_case(Register_Success_Test_Case.java:49)
Caused by: org.openqa.selenium.NoSuchElementException: no such element: Unable to locate element: {&quot;method&quot;:&quot;id&quot;,&quot;selector&quot;:&quot;login&quot;}
  (Session info: chrome=71.0.3569.0)
  (Driver info: chromedriver=2.45.615291 (ec3682e3c9061c10f26ea9e5cdcf3c53f3f74387),platform=Windows NT 10.0.17134 x86_64) (WARNING: The server did not provide any stacktrace information)
Command duration or timeout: 13 milliseconds
For documentation on this error, please visit: http://seleniumhq.org/exceptions/no_such_element.html
Build info: version: &apos;2.53.1&apos;, revision: &apos;a36b8b1cd5757287168e54b817830adce9b0158d&apos;, time: &apos;2016-06-30 19:26:09&apos;
System info: host: &apos;DESKTOP-JTCN2O7&apos;, ip: &apos;192.168.219.1&apos;, os.name: &apos;Windows 10&apos;, os.arch: &apos;amd64&apos;, os.version: &apos;10.0&apos;, java.version: &apos;1.8.0_131&apos;
Driver info: org.openqa.selenium.chrome.ChromeDriver
Capabilities [{mobileEmulationEnabled=false, timeouts={implicit=0, pageLoad=300000, script=30000}, hasTouchScreen=false, platform=XP, acceptSslCerts=false, goog:chromeOptions={debuggerAddress=localhost:65476}, acceptInsecureCerts=false, webStorageEnabled=true, browserName=chrome, takesScreenshot=true, javascriptEnabled=true, setWindowRect=true, unexpectedAlertBehaviour=ignore, applicationCacheEnabled=false, rotatable=false, networkConnectionEnabled=false, chrome={chromedriverVersion=2.45.615291 (ec3682e3c9061c10f26ea9e5cdcf3c53f3f74387), userDataDir=C:\Users\zpp\AppData\Local\Temp\scoped_dir27668_18294}, takesHeapSnapshot=true, pageLoadStrategy=normal, strictFileInteractability=false, databaseEnabled=false, handlesAlerts=true, version=71.0.3569.0, browserConnectionEnabled=false, proxy={}, nativeEvents=true, locationContextEnabled=true, cssSelectorsEnabled=true}]
Session ID: 2a01bb6c880099fa348845691196d098
*** Element info: {Using=id, value=login}
	at org.openqa.selenium.remote.ErrorHandler.createThrowable(ErrorHandler.java:206)
	at org.openqa.selenium.remote.ErrorHandler.throwIfResponseFailed(ErrorHandler.java:158)
	at org.openqa.selenium.remote.RemoteWebDriver.execute(RemoteWebDriver.java:678)
	at org.openqa.selenium.remote.RemoteWebDriver.findElement(RemoteWebDriver.java:363)
	at org.openqa.selenium.remote.RemoteWebDriver.findElementById(RemoteWebDriver.java:413)
	at org.openqa.selenium.By$ById.findElement(By.java:218)
	at org.openqa.selenium.remote.RemoteWebDriver.findElement(RemoteWebDriver.java:355)
	at web.base08.base.BaseBrowserAttrs$1.apply(BaseBrowserAttrs.java:94)
	at web.base08.base.BaseBrowserAttrs$1.apply(BaseBrowserAttrs.java:1)
	at org.openqa.selenium.support.ui.FluentWait.until(FluentWait.java:238)
	... 27 more
... Removed 27 stack frames
</div> <!-- stack-trace -->
                </div> <!-- method-content -->
              </div> <!-- method -->
              <div class="method">
                <div class="method-content">
                  <a name="register_success_test_case(RegisterInfo [mobilePhone=13111112224, pwd=123456, confirmPwd=123456, verifycode=LM19, expectedResul...)">
                  </a> <!-- register_success_test_case(RegisterInfo [mobilePhone=13111112224, pwd=123456, confirmPwd=123456, verifycode=LM19, expectedResul...) -->
                  <span class="method-name">register_success_test_case</span>
                  <span class="parameters">(RegisterInfo [mobilePhone=13111112224, pwd=123456, confirmPwd=123456, verifycode=LM19, expectedResult=跳转到登录页面, getRowNo()=2])</span>
                  <div class="stack-trace">org.openqa.selenium.TimeoutException: Timed out after 5 seconds waiting for web.base08.base.BaseBrowserAttrs$1@3bcbb589
Build info: version: &apos;2.53.1&apos;, revision: &apos;a36b8b1cd5757287168e54b817830adce9b0158d&apos;, time: &apos;2016-06-30 19:26:09&apos;
System info: host: &apos;DESKTOP-JTCN2O7&apos;, ip: &apos;192.168.219.1&apos;, os.name: &apos;Windows 10&apos;, os.arch: &apos;amd64&apos;, os.version: &apos;10.0&apos;, java.version: &apos;1.8.0_131&apos;
Driver info: org.openqa.selenium.chrome.ChromeDriver
Capabilities [{mobileEmulationEnabled=false, timeouts={implicit=0, pageLoad=300000, script=30000}, hasTouchScreen=false, platform=XP, acceptSslCerts=false, goog:chromeOptions={debuggerAddress=localhost:65476}, acceptInsecureCerts=false, webStorageEnabled=true, browserName=chrome, takesScreenshot=true, javascriptEnabled=true, setWindowRect=true, unexpectedAlertBehaviour=ignore, applicationCacheEnabled=false, rotatable=false, networkConnectionEnabled=false, chrome={chromedriverVersion=2.45.615291 (ec3682e3c9061c10f26ea9e5cdcf3c53f3f74387), userDataDir=C:\Users\zpp\AppData\Local\Temp\scoped_dir27668_18294}, takesHeapSnapshot=true, pageLoadStrategy=normal, strictFileInteractability=false, databaseEnabled=false, handlesAlerts=true, version=71.0.3569.0, browserConnectionEnabled=false, proxy={}, nativeEvents=true, locationContextEnabled=true, cssSelectorsEnabled=true}]
Session ID: 2a01bb6c880099fa348845691196d098
	at org.openqa.selenium.support.ui.WebDriverWait.timeoutException(WebDriverWait.java:80)
	at org.openqa.selenium.support.ui.FluentWait.until(FluentWait.java:261)
	at web.base08.base.BaseBrowserAttrs.getElement(BaseBrowserAttrs.java:91)
	at web.base08.base.BaseBrowserAttrs.getElement(BaseBrowserAttrs.java:79)
	at web.base08.testcase.register.Register_Success_Test_Case.register_success_test_case(Register_Success_Test_Case.java:49)
Caused by: org.openqa.selenium.NoSuchElementException: no such element: Unable to locate element: {&quot;method&quot;:&quot;id&quot;,&quot;selector&quot;:&quot;login&quot;}
  (Session info: chrome=71.0.3569.0)
  (Driver info: chromedriver=2.45.615291 (ec3682e3c9061c10f26ea9e5cdcf3c53f3f74387),platform=Windows NT 10.0.17134 x86_64) (WARNING: The server did not provide any stacktrace information)
Command duration or timeout: 12 milliseconds
For documentation on this error, please visit: http://seleniumhq.org/exceptions/no_such_element.html
Build info: version: &apos;2.53.1&apos;, revision: &apos;a36b8b1cd5757287168e54b817830adce9b0158d&apos;, time: &apos;2016-06-30 19:26:09&apos;
System info: host: &apos;DESKTOP-JTCN2O7&apos;, ip: &apos;192.168.219.1&apos;, os.name: &apos;Windows 10&apos;, os.arch: &apos;amd64&apos;, os.version: &apos;10.0&apos;, java.version: &apos;1.8.0_131&apos;
Driver info: org.openqa.selenium.chrome.ChromeDriver
Capabilities [{mobileEmulationEnabled=false, timeouts={implicit=0, pageLoad=300000, script=30000}, hasTouchScreen=false, platform=XP, acceptSslCerts=false, goog:chromeOptions={debuggerAddress=localhost:65476}, acceptInsecureCerts=false, webStorageEnabled=true, browserName=chrome, takesScreenshot=true, javascriptEnabled=true, setWindowRect=true, unexpectedAlertBehaviour=ignore, applicationCacheEnabled=false, rotatable=false, networkConnectionEnabled=false, chrome={chromedriverVersion=2.45.615291 (ec3682e3c9061c10f26ea9e5cdcf3c53f3f74387), userDataDir=C:\Users\zpp\AppData\Local\Temp\scoped_dir27668_18294}, takesHeapSnapshot=true, pageLoadStrategy=normal, strictFileInteractability=false, databaseEnabled=false, handlesAlerts=true, version=71.0.3569.0, browserConnectionEnabled=false, proxy={}, nativeEvents=true, locationContextEnabled=true, cssSelectorsEnabled=true}]
Session ID: 2a01bb6c880099fa348845691196d098
*** Element info: {Using=id, value=login}
	at org.openqa.selenium.remote.ErrorHandler.createThrowable(ErrorHandler.java:206)
	at org.openqa.selenium.remote.ErrorHandler.throwIfResponseFailed(ErrorHandler.java:158)
	at org.openqa.selenium.remote.RemoteWebDriver.execute(RemoteWebDriver.java:678)
	at org.openqa.selenium.remote.RemoteWebDriver.findElement(RemoteWebDriver.java:363)
	at org.openqa.selenium.remote.RemoteWebDriver.findElementById(RemoteWebDriver.java:413)
	at org.openqa.selenium.By$ById.findElement(By.java:218)
	at org.openqa.selenium.remote.RemoteWebDriver.findElement(RemoteWebDriver.java:355)
	at web.base08.base.BaseBrowserAttrs$1.apply(BaseBrowserAttrs.java:94)
	at web.base08.base.BaseBrowserAttrs$1.apply(BaseBrowserAttrs.java:1)
	at org.openqa.selenium.support.ui.FluentWait.until(FluentWait.java:238)
	... 27 more
... Removed 28 stack frames
</div> <!-- stack-trace -->
                </div> <!-- method-content -->
              </div> <!-- method -->
            </div> <!-- main-panel-content rounded-window-bottom -->
          </div> <!-- suite-All_Test_Suite-class-failed -->
          <div class="suite-All_Test_Suite-class-passed">
            <div class="main-panel-header rounded-window-top">
              <img src="passed.png"/>
              <span class="class-name">web.base08.testcase.register.Register_Failure_Test_Case</span>
            </div> <!-- main-panel-header rounded-window-top -->
            <div class="main-panel-content rounded-window-bottom">
              <div class="method">
                <div class="method-content">
                  <a name="register_failure_test_case(RegisterInfo [mobilePhone=13888888888, pwd=123456, confirmPwd=, verifycode=, expectedResult=重复密码不能为空...)">
                  </a> <!-- register_failure_test_case(RegisterInfo [mobilePhone=13888888888, pwd=123456, confirmPwd=, verifycode=, expectedResult=重复密码不能为空...) -->
                  <span class="method-name">register_failure_test_case</span>
                  <span class="parameters">(RegisterInfo [mobilePhone=13888888888, pwd=123456, confirmPwd=, verifycode=, expectedResult=重复密码不能为空, getRowNo()=7])</span>
                </div> <!-- method-content -->
              </div> <!-- method -->
              <div class="method">
                <div class="method-content">
                  <a name="register_failure_test_case(RegisterInfo [mobilePhone=13888888888, pwd=123456, confirmPwd=1234567, verifycode=, expectedResult=密...)">
                  </a> <!-- register_failure_test_case(RegisterInfo [mobilePhone=13888888888, pwd=123456, confirmPwd=1234567, verifycode=, expectedResult=密...) -->
                  <span class="method-name">register_failure_test_case</span>
                  <span class="parameters">(RegisterInfo [mobilePhone=13888888888, pwd=123456, confirmPwd=1234567, verifycode=, expectedResult=密码不一致, getRowNo()=8])</span>
                </div> <!-- method-content -->
              </div> <!-- method -->
              <div class="method">
                <div class="method-content">
                  <a name="register_failure_test_case(RegisterInfo [mobilePhone=13888888888, pwd=123456, confirmPwd=123456, verifycode=, expectedResult=验证...)">
                  </a> <!-- register_failure_test_case(RegisterInfo [mobilePhone=13888888888, pwd=123456, confirmPwd=123456, verifycode=, expectedResult=验证...) -->
                  <span class="method-name">register_failure_test_case</span>
                  <span class="parameters">(RegisterInfo [mobilePhone=13888888888, pwd=123456, confirmPwd=123456, verifycode=, expectedResult=验证码不能为空, getRowNo()=9])</span>
                </div> <!-- method-content -->
              </div> <!-- method -->
              <div class="method">
                <div class="method-content">
                  <a name="register_failure_test_case(RegisterInfo [mobilePhone=13888888888, pwd=12345, confirmPwd=, verifycode=LM19, expectedResult=密码长度至...)">
                  </a> <!-- register_failure_test_case(RegisterInfo [mobilePhone=13888888888, pwd=12345, confirmPwd=, verifycode=LM19, expectedResult=密码长度至...) -->
                  <span class="method-name">register_failure_test_case</span>
                  <span class="parameters">(RegisterInfo [mobilePhone=13888888888, pwd=12345, confirmPwd=, verifycode=LM19, expectedResult=密码长度至少为6位, getRowNo()=6])</span>
                </div> <!-- method-content -->
              </div> <!-- method -->
              <div class="method">
                <div class="method-content">
                  <a name="register_failure_test_case(RegisterInfo [mobilePhone=柠檬班, pwd=, confirmPwd=, verifycode=LM19, expectedResult=非法的手机号, getRowNo()...)">
                  </a> <!-- register_failure_test_case(RegisterInfo [mobilePhone=柠檬班, pwd=, confirmPwd=, verifycode=LM19, expectedResult=非法的手机号, getRowNo()...) -->
                  <span class="method-name">register_failure_test_case</span>
                  <span class="parameters">(RegisterInfo [mobilePhone=柠檬班, pwd=, confirmPwd=, verifycode=LM19, expectedResult=非法的手机号, getRowNo()=4])</span>
                </div> <!-- method-content -->
              </div> <!-- method -->
              <div class="method">
                <div class="method-content">
                  <a name="register_failure_test_case(RegisterInfo [mobilePhone=, pwd=, confirmPwd=, verifycode=, expectedResult=用户名不能为空, getRowNo()=2])">
                  </a> <!-- register_failure_test_case(RegisterInfo [mobilePhone=, pwd=, confirmPwd=, verifycode=, expectedResult=用户名不能为空, getRowNo()=2]) -->
                  <span class="method-name">register_failure_test_case</span>
                  <span class="parameters">(RegisterInfo [mobilePhone=, pwd=, confirmPwd=, verifycode=, expectedResult=用户名不能为空, getRowNo()=2])</span>
                </div> <!-- method-content -->
              </div> <!-- method -->
              <div class="method">
                <div class="method-content">
                  <a name="register_failure_test_case(RegisterInfo [mobilePhone=13888888888, pwd=abcedf, confirmPwd=abcedf, verifycode=, expectedResult=验证...)">
                  </a> <!-- register_failure_test_case(RegisterInfo [mobilePhone=13888888888, pwd=abcedf, confirmPwd=abcedf, verifycode=, expectedResult=验证...) -->
                  <span class="method-name">register_failure_test_case</span>
                  <span class="parameters">(RegisterInfo [mobilePhone=13888888888, pwd=abcedf, confirmPwd=abcedf, verifycode=, expectedResult=验证码不能为空, getRowNo()=10])</span>
                </div> <!-- method-content -->
              </div> <!-- method -->
              <div class="method">
                <div class="method-content">
                  <a name="register_failure_test_case(RegisterInfo [mobilePhone=13888888888, pwd=abcedf, confirmPwd=abcedf, verifycode=111111, expectedRes...)">
                  </a> <!-- register_failure_test_case(RegisterInfo [mobilePhone=13888888888, pwd=abcedf, confirmPwd=abcedf, verifycode=111111, expectedRes...) -->
                  <span class="method-name">register_failure_test_case</span>
                  <span class="parameters">(RegisterInfo [mobilePhone=13888888888, pwd=abcedf, confirmPwd=abcedf, verifycode=111111, expectedResult=验证码输入错误, getRowNo()=11])</span>
                </div> <!-- method-content -->
              </div> <!-- method -->
              <div class="method">
                <div class="method-content">
                  <a name="register_failure_test_case(RegisterInfo [mobilePhone=13888888888, pwd=, confirmPwd=, verifycode=LM19, expectedResult=密码不能为空, ge...)">
                  </a> <!-- register_failure_test_case(RegisterInfo [mobilePhone=13888888888, pwd=, confirmPwd=, verifycode=LM19, expectedResult=密码不能为空, ge...) -->
                  <span class="method-name">register_failure_test_case</span>
                  <span class="parameters">(RegisterInfo [mobilePhone=13888888888, pwd=, confirmPwd=, verifycode=LM19, expectedResult=密码不能为空, getRowNo()=5])</span>
                </div> <!-- method-content -->
              </div> <!-- method -->
              <div class="method">
                <div class="method-content">
                  <a name="register_failure_test_case(RegisterInfo [mobilePhone=lemon, pwd=, confirmPwd=, verifycode=, expectedResult=非法的手机号, getRowNo()=3...)">
                  </a> <!-- register_failure_test_case(RegisterInfo [mobilePhone=lemon, pwd=, confirmPwd=, verifycode=, expectedResult=非法的手机号, getRowNo()=3...) -->
                  <span class="method-name">register_failure_test_case</span>
                  <span class="parameters">(RegisterInfo [mobilePhone=lemon, pwd=, confirmPwd=, verifycode=, expectedResult=非法的手机号, getRowNo()=3])</span>
                </div> <!-- method-content -->
              </div> <!-- method -->
            </div> <!-- main-panel-content rounded-window-bottom -->
          </div> <!-- suite-All_Test_Suite-class-passed -->
        </div> <!-- panel All_Test_Suite -->
        <div panel-name="test-xml-All_Test_Suite" class="panel">
          <div class="main-panel-header rounded-window-top">
            <span class="header-content">F:\maven_java_base_git\java_maven_base_git\web_auto_maven\testng08.xml</span>
          </div> <!-- main-panel-header rounded-window-top -->
          <div class="main-panel-content rounded-window-bottom">
            <pre>
&lt;?xml version=&quot;1.0&quot; encoding=&quot;UTF-8&quot;?&gt;
&lt;!DOCTYPE suite SYSTEM &quot;http://testng.org/testng-1.0.dtd&quot;&gt;
&lt;suite guice-stage=&quot;DEVELOPMENT&quot; name=&quot;All_Test_Suite&quot;&gt;
  &lt;parameter name=&quot;driverPath&quot; value=&quot;src/main/resources/drivers/company/chromedriver.exe&quot;/&gt;
  &lt;parameter name=&quot;seleniumVersion&quot; value=&quot;2.x&quot;/&gt;
  &lt;parameter name=&quot;browserType&quot; value=&quot;chrome&quot;/&gt;
  &lt;test name=&quot;Web_Auto_Test&quot;&gt;
    &lt;classes&gt;
      &lt;class name=&quot;web.base08.testcase.register.Register_Failure_Test_Case&quot;/&gt;
      &lt;class name=&quot;web.base08.testcase.register.Register_Success_Test_Case&quot;/&gt;
    &lt;/classes&gt;
  &lt;/test&gt; &lt;!-- Web_Auto_Test --&gt;
&lt;/suite&gt; &lt;!-- All_Test_Suite --&gt;
            </pre>
          </div> <!-- main-panel-content rounded-window-bottom -->
        </div> <!-- panel -->
        <div panel-name="testlist-All_Test_Suite" class="panel">
          <div class="main-panel-header rounded-window-top">
            <span class="header-content">Tests for All_Test_Suite</span>
          </div> <!-- main-panel-header rounded-window-top -->
          <div class="main-panel-content rounded-window-bottom">
            <ul>
              <li>
                <span class="test-name">Web_Auto_Test (2 classes)</span>
              </li>
            </ul>
          </div> <!-- main-panel-content rounded-window-bottom -->
        </div> <!-- panel -->
        <div panel-name="group-All_Test_Suite" class="panel">
          <div class="main-panel-header rounded-window-top">
            <span class="header-content">Groups for All_Test_Suite</span>
          </div> <!-- main-panel-header rounded-window-top -->
          <div class="main-panel-content rounded-window-bottom">
          </div> <!-- main-panel-content rounded-window-bottom -->
        </div> <!-- panel -->
        <div panel-name="times-All_Test_Suite" class="panel">
          <div class="main-panel-header rounded-window-top">
            <span class="header-content">Times for All_Test_Suite</span>
          </div> <!-- main-panel-header rounded-window-top -->
          <div class="main-panel-content rounded-window-bottom">
            <div class="times-div">
              <script type="text/javascript">
suiteTableInitFunctions.push('tableData_All_Test_Suite');
function tableData_All_Test_Suite() {
var data = new google.visualization.DataTable();
data.addColumn('number', 'Number');
data.addColumn('string', 'Method');
data.addColumn('string', 'Class');
data.addColumn('number', 'Time (ms)');
data.addRows(13);
data.setCell(0, 0, 0)
data.setCell(0, 1, 'register_failure_test_case')
data.setCell(0, 2, 'web.base08.testcase.register.Register_Failure_Test_Case')
data.setCell(0, 3, 11324);
data.setCell(1, 0, 1)
data.setCell(1, 1, 'register_success_test_case')
data.setCell(1, 2, 'web.base08.testcase.register.Register_Success_Test_Case')
data.setCell(1, 3, 10746);
data.setCell(2, 0, 2)
data.setCell(2, 1, 'register_success_test_case')
data.setCell(2, 2, 'web.base08.testcase.register.Register_Success_Test_Case')
data.setCell(2, 3, 10638);
data.setCell(3, 0, 3)
data.setCell(3, 1, 'register_success_test_case')
data.setCell(3, 2, 'web.base08.testcase.register.Register_Success_Test_Case')
data.setCell(3, 3, 9905);
data.setCell(4, 0, 4)
data.setCell(4, 1, 'register_failure_test_case')
data.setCell(4, 2, 'web.base08.testcase.register.Register_Failure_Test_Case')
data.setCell(4, 3, 5475);
data.setCell(5, 0, 5)
data.setCell(5, 1, 'register_failure_test_case')
data.setCell(5, 2, 'web.base08.testcase.register.Register_Failure_Test_Case')
data.setCell(5, 3, 5450);
data.setCell(6, 0, 6)
data.setCell(6, 1, 'register_failure_test_case')
data.setCell(6, 2, 'web.base08.testcase.register.Register_Failure_Test_Case')
data.setCell(6, 3, 5438);
data.setCell(7, 0, 7)
data.setCell(7, 1, 'register_failure_test_case')
data.setCell(7, 2, 'web.base08.testcase.register.Register_Failure_Test_Case')
data.setCell(7, 3, 2136);
data.setCell(8, 0, 8)
data.setCell(8, 1, 'register_failure_test_case')
data.setCell(8, 2, 'web.base08.testcase.register.Register_Failure_Test_Case')
data.setCell(8, 3, 819);
data.setCell(9, 0, 9)
data.setCell(9, 1, 'register_failure_test_case')
data.setCell(9, 2, 'web.base08.testcase.register.Register_Failure_Test_Case')
data.setCell(9, 3, 704);
data.setCell(10, 0, 10)
data.setCell(10, 1, 'register_failure_test_case')
data.setCell(10, 2, 'web.base08.testcase.register.Register_Failure_Test_Case')
data.setCell(10, 3, 623);
data.setCell(11, 0, 11)
data.setCell(11, 1, 'register_failure_test_case')
data.setCell(11, 2, 'web.base08.testcase.register.Register_Failure_Test_Case')
data.setCell(11, 3, 576);
data.setCell(12, 0, 12)
data.setCell(12, 1, 'register_failure_test_case')
data.setCell(12, 2, 'web.base08.testcase.register.Register_Failure_Test_Case')
data.setCell(12, 3, 538);
window.suiteTableData['All_Test_Suite']= { tableData: data, tableDiv: 'times-div-All_Test_Suite'}
return data;
}
              </script>
              <span class="suite-total-time">Total running time: 1 minutes</span>
              <div id="times-div-All_Test_Suite">
              </div> <!-- times-div-All_Test_Suite -->
            </div> <!-- times-div -->
          </div> <!-- main-panel-content rounded-window-bottom -->
        </div> <!-- panel -->
        <div panel-name="reporter-All_Test_Suite" class="panel">
          <div class="main-panel-header rounded-window-top">
            <span class="header-content">Reporter output for All_Test_Suite</span>
          </div> <!-- main-panel-header rounded-window-top -->
          <div class="main-panel-content rounded-window-bottom">
          </div> <!-- main-panel-content rounded-window-bottom -->
        </div> <!-- panel -->
        <div panel-name="ignored-methods-All_Test_Suite" class="panel">
          <div class="main-panel-header rounded-window-top">
            <span class="header-content">2 ignored methods</span>
          </div> <!-- main-panel-header rounded-window-top -->
          <div class="main-panel-content rounded-window-bottom">
            <div class="ignored-class-div">
              <span class="ignored-class-name">web.base08.testcase.register.Register_Success_Test_Case</span>
              <div class="ignored-methods-div">
                <span class="ignored-method-name">afterTestSuite</span>
                <br/>
                <span class="ignored-method-name">beforeTestSuite</span>
                <br/>
              </div> <!-- ignored-methods-div -->
            </div> <!-- ignored-class-div -->
          </div> <!-- main-panel-content rounded-window-bottom -->
        </div> <!-- panel -->
        <div panel-name="chronological-All_Test_Suite" class="panel">
          <div class="main-panel-header rounded-window-top">
            <span class="header-content">Methods in chronological order</span>
          </div> <!-- main-panel-header rounded-window-top -->
          <div class="main-panel-content rounded-window-bottom">
            <div class="chronological-class">
              <div class="chronological-class-name">web.base08.testcase.register.Register_Failure_Test_Case</div> <!-- chronological-class-name -->
              <div class="configuration-suite before">
                <span class="method-name">beforeTestSuite(chrome, 2.x, src/main/resources/drivers/company/chromedriver.exe)</span>
                <span class="method-start">0 ms</span>
              </div> <!-- configuration-suite before -->
              <div class="test-method">
                <span class="method-name">register_failure_test_case(RegisterInfo [mobilePhone=, pwd=, confirmPwd=, verifycode=, expectedResult=用户名不能为空, getRowNo()=2])</span>
                <span class="method-start">4014 ms</span>
              </div> <!-- test-method -->
              <div class="test-method">
                <span class="method-name">register_failure_test_case(RegisterInfo [mobilePhone=lemon, pwd=, confirmPwd=, verifycode=, expectedResult=非法的手机号, getRowNo()=3...)</span>
                <span class="method-start">15340 ms</span>
              </div> <!-- test-method -->
              <div class="test-method">
                <span class="method-name">register_failure_test_case(RegisterInfo [mobilePhone=柠檬班, pwd=, confirmPwd=, verifycode=LM19, expectedResult=非法的手机号, getRowNo()...)</span>
                <span class="method-start">20816 ms</span>
              </div> <!-- test-method -->
              <div class="test-method">
                <span class="method-name">register_failure_test_case(RegisterInfo [mobilePhone=13888888888, pwd=, confirmPwd=, verifycode=LM19, expectedResult=密码不能为空, ge...)</span>
                <span class="method-start">26256 ms</span>
              </div> <!-- test-method -->
              <div class="test-method">
                <span class="method-name">register_failure_test_case(RegisterInfo [mobilePhone=13888888888, pwd=12345, confirmPwd=, verifycode=LM19, expectedResult=密码长度至...)</span>
                <span class="method-start">31708 ms</span>
              </div> <!-- test-method -->
              <div class="test-method">
                <span class="method-name">register_failure_test_case(RegisterInfo [mobilePhone=13888888888, pwd=123456, confirmPwd=, verifycode=, expectedResult=重复密码不能为空...)</span>
                <span class="method-start">33845 ms</span>
              </div> <!-- test-method -->
              <div class="test-method">
                <span class="method-name">register_failure_test_case(RegisterInfo [mobilePhone=13888888888, pwd=123456, confirmPwd=1234567, verifycode=, expectedResult=密...)</span>
                <span class="method-start">34469 ms</span>
              </div> <!-- test-method -->
              <div class="test-method">
                <span class="method-name">register_failure_test_case(RegisterInfo [mobilePhone=13888888888, pwd=123456, confirmPwd=123456, verifycode=, expectedResult=验证...)</span>
                <span class="method-start">35009 ms</span>
              </div> <!-- test-method -->
              <div class="test-method">
                <span class="method-name">register_failure_test_case(RegisterInfo [mobilePhone=13888888888, pwd=abcedf, confirmPwd=abcedf, verifycode=, expectedResult=验证...)</span>
                <span class="method-start">35714 ms</span>
              </div> <!-- test-method -->
              <div class="test-method">
                <span class="method-name">register_failure_test_case(RegisterInfo [mobilePhone=13888888888, pwd=abcedf, confirmPwd=abcedf, verifycode=111111, expectedRes...)</span>
                <span class="method-start">36292 ms</span>
              </div> <!-- test-method -->
            </div> <!-- chronological-class -->
            <div class="chronological-class">
              <div class="chronological-class-name">web.base08.testcase.register.Register_Success_Test_Case</div> <!-- chronological-class-name -->
              <div class="test-method">
                <img src="failed.png">
                </img>
                <span class="method-name">register_success_test_case(RegisterInfo [mobilePhone=13111112224, pwd=123456, confirmPwd=123456, verifycode=LM19, expectedResul...)</span>
                <span class="method-start">37157 ms</span>
              </div> <!-- test-method -->
              <div class="test-method">
                <img src="failed.png">
                </img>
                <span class="method-name">register_success_test_case(RegisterInfo [mobilePhone=13111112225, pwd=abcdefg, confirmPwd=abcdefg, verifycode=LM19, expectedRes...)</span>
                <span class="method-start">47915 ms</span>
              </div> <!-- test-method -->
              <div class="test-method">
                <img src="failed.png">
                </img>
                <span class="method-name">register_success_test_case(RegisterInfo [mobilePhone=13511112226, pwd=abcdefg, confirmPwd=abcdefg, verifycode=LM19, expectedRes...)</span>
                <span class="method-start">57825 ms</span>
              </div> <!-- test-method -->
            </div> <!-- chronological-class -->
            <div class="chronological-class">
              <div class="chronological-class-name">web.base08.testcase.register.Register_Failure_Test_Case</div> <!-- chronological-class-name -->
              <div class="configuration-suite after">
                <span class="method-name">afterTestSuite</span>
                <span class="method-start">68513 ms</span>
              </div> <!-- configuration-suite after -->
          </div> <!-- main-panel-content rounded-window-bottom -->
        </div> <!-- panel -->
      </div> <!-- main-panel-root -->
    </div> <!-- wrapper -->
  </body>
</html>
