<?xml version="1.0" encoding="UTF-8"?>
<!-- Generated by org.testng.reporters.JUnitXMLReporter -->
<testsuite hostname="DESKTOP-JTCN2O7" name="Default test" tests="28" failures="2" timestamp="7 May 2019 08:42:11 GMT" time="8.369" errors="0">
  <testcase name="request" time="1.791" classname="api.advanced.data_check_cookies.testcase.AllTestCase">
    <failure type="java.lang.AssertionError" message="expected [注册成功] but found [手机号码已被注册]">
      <![CDATA[java.lang.AssertionError: expected [注册成功] but found [手机号码已被注册]
	at org.testng.Assert.fail(Assert.java:94)
	at org.testng.Assert.failNotEquals(Assert.java:494)
	at org.testng.Assert.assertEquals(Assert.java:123)
	at org.testng.Assert.assertEquals(Assert.java:176)
	at org.testng.Assert.assertEquals(Assert.java:186)
	at api.advanced.data_check_cookies.utils.ApiHandleUtils.assertResult(ApiHandleUtils.java:42)
	at api.advanced.data_check_cookies.testcase.AllTestCase.request(AllTestCase.java:89)
	at sun.reflect.NativeMethodAccessorImpl.invoke0(Native Method)
	at sun.reflect.NativeMethodAccessorImpl.invoke(Unknown Source)
	at sun.reflect.DelegatingMethodAccessorImpl.invoke(Unknown Source)
	at java.lang.reflect.Method.invoke(Unknown Source)
	at org.testng.internal.MethodInvocationHelper.invokeMethod(MethodInvocationHelper.java:84)
	at org.testng.internal.Invoker.invokeMethod(Invoker.java:714)
	at org.testng.internal.Invoker.invokeTestMethod(Invoker.java:901)
	at org.testng.internal.Invoker.invokeTestMethods(Invoker.java:1231)
	at org.testng.internal.TestMethodWorker.invokeTestMethods(TestMethodWorker.java:127)
	at org.testng.internal.TestMethodWorker.run(TestMethodWorker.java:111)
	at org.testng.TestRunner.privateRun(TestRunner.java:767)
	at org.testng.TestRunner.run(TestRunner.java:617)
	at org.testng.SuiteRunner.runTest(SuiteRunner.java:348)
	at org.testng.SuiteRunner.runSequentially(SuiteRunner.java:343)
	at org.testng.SuiteRunner.privateRun(SuiteRunner.java:305)
	at org.testng.SuiteRunner.run(SuiteRunner.java:254)
	at org.testng.SuiteRunnerWorker.runSuite(SuiteRunnerWorker.java:52)
	at org.testng.SuiteRunnerWorker.run(SuiteRunnerWorker.java:86)
	at org.testng.TestNG.runSuitesSequentially(TestNG.java:1224)
	at org.testng.TestNG.runSuitesLocally(TestNG.java:1149)
	at org.testng.TestNG.run(TestNG.java:1057)
	at org.testng.remote.RemoteTestNG.run(RemoteTestNG.java:111)
	at org.testng.remote.RemoteTestNG.initAndRun(RemoteTestNG.java:204)
	at org.testng.remote.RemoteTestNG.main(RemoteTestNG.java:175)
]]>
    </failure>
  </testcase> <!-- request -->
  <testcase name="request" time="0.314" classname="api.advanced.data_check_cookies.testcase.AllTestCase"/>
  <testcase name="request" time="0.021" classname="api.advanced.data_check_cookies.testcase.AllTestCase"/>
  <testcase name="request" time="0.013" classname="api.advanced.data_check_cookies.testcase.AllTestCase"/>
  <testcase name="request" time="0.01" classname="api.advanced.data_check_cookies.testcase.AllTestCase"/>
  <testcase name="request" time="0.01" classname="api.advanced.data_check_cookies.testcase.AllTestCase"/>
  <testcase name="request" time="0.32" classname="api.advanced.data_check_cookies.testcase.AllTestCase"/>
  <testcase name="request" time="0.008" classname="api.advanced.data_check_cookies.testcase.AllTestCase"/>
  <testcase name="request" time="0.01" classname="api.advanced.data_check_cookies.testcase.AllTestCase"/>
  <testcase name="request" time="0.049" classname="api.advanced.data_check_cookies.testcase.AllTestCase"/>
  <testcase name="request" time="0.044" classname="api.advanced.data_check_cookies.testcase.AllTestCase"/>
  <testcase name="request" time="0.041" classname="api.advanced.data_check_cookies.testcase.AllTestCase"/>
  <testcase name="request" time="0.009" classname="api.advanced.data_check_cookies.testcase.AllTestCase"/>
  <testcase name="request" time="0.66" classname="api.advanced.data_check_cookies.testcase.AllTestCase"/>
  <testcase name="request" time="0.016" classname="api.advanced.data_check_cookies.testcase.AllTestCase"/>
  <testcase name="request" time="0.01" classname="api.advanced.data_check_cookies.testcase.AllTestCase"/>
  <testcase name="request" time="0.043" classname="api.advanced.data_check_cookies.testcase.AllTestCase"/>
  <testcase name="request" time="0.008" classname="api.advanced.data_check_cookies.testcase.AllTestCase"/>
  <testcase name="request" time="0.189" classname="api.advanced.data_check_cookies.testcase.AllTestCase"/>
  <testcase name="request" time="0.109" classname="api.advanced.data_check_cookies.testcase.AllTestCase"/>
  <testcase name="request" time="0.219" classname="api.advanced.data_check_cookies.testcase.AllTestCase">
    <failure type="java.lang.AssertionError" message="expected [余额不足，请修改提现额度] but found [取现成功]">
      <![CDATA[java.lang.AssertionError: expected [余额不足，请修改提现额度] but found [取现成功]
	at org.testng.Assert.fail(Assert.java:94)
	at org.testng.Assert.failNotEquals(Assert.java:494)
	at org.testng.Assert.assertEquals(Assert.java:123)
	at org.testng.Assert.assertEquals(Assert.java:176)
	at org.testng.Assert.assertEquals(Assert.java:186)
	at api.advanced.data_check_cookies.utils.ApiHandleUtils.assertResult(ApiHandleUtils.java:42)
	at api.advanced.data_check_cookies.testcase.AllTestCase.request(AllTestCase.java:89)
	at sun.reflect.GeneratedMethodAccessor21.invoke(Unknown Source)
	at sun.reflect.DelegatingMethodAccessorImpl.invoke(Unknown Source)
	at java.lang.reflect.Method.invoke(Unknown Source)
	at org.testng.internal.MethodInvocationHelper.invokeMethod(MethodInvocationHelper.java:84)
	at org.testng.internal.Invoker.invokeMethod(Invoker.java:714)
	at org.testng.internal.Invoker.invokeTestMethod(Invoker.java:901)
	at org.testng.internal.Invoker.invokeTestMethods(Invoker.java:1231)
	at org.testng.internal.TestMethodWorker.invokeTestMethods(TestMethodWorker.java:127)
	at org.testng.internal.TestMethodWorker.run(TestMethodWorker.java:111)
	at org.testng.TestRunner.privateRun(TestRunner.java:767)
	at org.testng.TestRunner.run(TestRunner.java:617)
	at org.testng.SuiteRunner.runTest(SuiteRunner.java:348)
	at org.testng.SuiteRunner.runSequentially(SuiteRunner.java:343)
	at org.testng.SuiteRunner.privateRun(SuiteRunner.java:305)
	at org.testng.SuiteRunner.run(SuiteRunner.java:254)
	at org.testng.SuiteRunnerWorker.runSuite(SuiteRunnerWorker.java:52)
	at org.testng.SuiteRunnerWorker.run(SuiteRunnerWorker.java:86)
	at org.testng.TestNG.runSuitesSequentially(TestNG.java:1224)
	at org.testng.TestNG.runSuitesLocally(TestNG.java:1149)
	at org.testng.TestNG.run(TestNG.java:1057)
	at org.testng.remote.RemoteTestNG.run(RemoteTestNG.java:111)
	at org.testng.remote.RemoteTestNG.initAndRun(RemoteTestNG.java:204)
	at org.testng.remote.RemoteTestNG.main(RemoteTestNG.java:175)
]]>
    </failure>
  </testcase> <!-- request -->
  <testcase name="request" time="0.091" classname="api.advanced.data_check_cookies.testcase.AllTestCase"/>
  <testcase name="request" time="0.583" classname="api.advanced.data_check_cookies.testcase.AllTestCase"/>
  <testcase name="request" time="1.317" classname="api.advanced.data_check_cookies.testcase.AllTestCase"/>
  <testcase name="request" time="0.32" classname="api.advanced.data_check_cookies.testcase.AllTestCase"/>
  <testcase name="request" time="0.289" classname="api.advanced.data_check_cookies.testcase.AllTestCase"/>
  <testcase name="request" time="0.299" classname="api.advanced.data_check_cookies.testcase.AllTestCase"/>
  <testcase name="request" time="0.822" classname="api.advanced.data_check_cookies.testcase.AllTestCase"/>
</testsuite> <!-- Default test -->
